TN:
SF:script/FundmeScript.s.sol
DA:9,9
FN:9,DeployFundMe.run
FNDA:9,DeployFundMe.run
DA:11,9
DA:12,9
DA:13,9
DA:14,9
DA:15,9
DA:16,9
FNF:1
FNH:1
LF:7
LH:7
BRF:0
BRH:0
end_of_record
TN:
SF:script/HelperConfig.s.sol
DA:15,9
FN:15,HelperConfig.constructor
FNDA:9,HelperConfig.constructor
DA:16,9
BRDA:16,0,0,-
BRDA:16,0,1,9
DA:17,0
DA:18,9
BRDA:18,1,0,-
BRDA:18,1,1,9
DA:19,0
DA:21,9
DA:24,0
FN:24,HelperConfig.getSepoliaEthConfig
FNDA:0,HelperConfig.getSepoliaEthConfig
DA:25,0
DA:28,0
DA:30,0
FN:30,HelperConfig.getMainnetEthConfig
FNDA:0,HelperConfig.getMainnetEthConfig
DA:31,0
DA:34,0
DA:36,9
FN:36,HelperConfig.getOrCreateAnvilEthConfig
FNDA:9,HelperConfig.getOrCreateAnvilEthConfig
DA:38,9
BRDA:38,2,0,-
DA:39,0
DA:42,9
DA:43,9
DA:44,9
DA:45,9
DA:48,9
FNF:4
FNH:2
LF:20
LH:11
BRF:5
BRH:2
end_of_record
TN:
SF:src/Fundme.sol
DA:21,9
FN:21,FundMe.constructor
FNDA:9,FundMe.constructor
DA:22,9
DA:23,9
DA:27,16
FN:27,FundMe.fund
FNDA:16,FundMe.fund
DA:28,16
BRDA:28,0,0,1
BRDA:28,0,1,15
DA:30,15
DA:31,15
DA:34,0
FN:34,FundMe.getVersion
FNDA:0,FundMe.getVersion
DA:35,0
DA:38,3
FN:38,FundMe.onlyOwner
FNDA:3,FundMe.onlyOwner
DA:40,3
BRDA:40,1,0,1
DA:44,3
FN:44,FundMe.withdraw
FNDA:3,FundMe.withdraw
DA:45,2
DA:46,12
DA:47,12
DA:49,2
DA:58,2
DA:59,2
BRDA:59,2,0,-
BRDA:59,2,1,2
DA:73,0
FN:73,FundMe.fallback
FNDA:0,FundMe.fallback
DA:74,0
DA:77,0
FN:77,FundMe.receive
FNDA:0,FundMe.receive
DA:78,0
DA:81,1
FN:81,FundMe.getAddressToAmountFunded
FNDA:1,FundMe.getAddressToAmountFunded
DA:83,1
DA:85,1
FN:85,FundMe.getFunder
FNDA:1,FundMe.getFunder
DA:87,1
DA:89,8
FN:89,FundMe.getOwner
FNDA:8,FundMe.getOwner
DA:91,8
FNF:10
FNH:7
LF:28
LH:22
BRF:5
BRH:4
end_of_record
TN:
SF:src/PriceConvertor.sol
DA:10,16
FN:10,PriceConverter.getPrice
FNDA:16,PriceConverter.getPrice
DA:13,16
DA:15,16
DA:19,16
FN:19,PriceConverter.getConversionRate
FNDA:16,PriceConverter.getConversionRate
DA:23,16
DA:24,16
DA:26,16
FNF:2
FNH:2
LF:7
LH:7
BRF:0
BRH:0
end_of_record
TN:
SF:test/mocks/MockV3Aggregator.sol
DA:26,9
FN:26,MockV3Aggregator.constructor
FNDA:9,MockV3Aggregator.constructor
DA:27,9
DA:28,9
DA:31,9
FN:31,MockV3Aggregator.updateAnswer
FNDA:9,MockV3Aggregator.updateAnswer
DA:32,9
DA:33,9
DA:34,9
DA:35,9
DA:36,9
DA:37,9
DA:40,0
FN:40,MockV3Aggregator.updateRoundData
FNDA:0,MockV3Aggregator.updateRoundData
DA:41,0
DA:42,0
DA:43,0
DA:44,0
DA:45,0
DA:46,0
DA:49,0
FN:49,MockV3Aggregator.getRoundData
FNDA:0,MockV3Aggregator.getRoundData
DA:51,0
DA:60,16
FN:60,MockV3Aggregator.latestRoundData
FNDA:16,MockV3Aggregator.latestRoundData
DA:71,16
DA:80,0
FN:80,MockV3Aggregator.description
FNDA:0,MockV3Aggregator.description
DA:81,0
FNF:6
FNH:3
LF:23
LH:12
BRF:0
BRH:0
end_of_record
